 ************************************************************************
 **                                                                    **
 **                                                                    **
 **                         OptiStruct 2017.1                          **
 **                                                                    **
 **             Advanced Engineering Analysis, Design and              **
 **        Optimization Software from Altair Engineering, Inc.         **
 **                                                                    **
 **                                                                    **
 **              Windows 10  (Build 9200)  WORKSTATION-PC              **
 **         32 CPU:  Intel(R) Xeon(R) CPU E5-2630 v3 @ 2.40GHz         **
 **                    22099 MB RAM,  34714 MB swap                    **
 **                                                                    **
 ** Build tag: 0862567_9433171_Ce64RBW8UH14M:128708-1  4000000014000   **
 ************************************************************************
 **  COPYRIGHT (C) 1996-2017                 Altair Engineering, Inc.  **
 ** All Rights Reserved.  Copyright notice does not imply publication. **
 **         Contains trade secrets of Altair Engineering, Inc.         **
 ** Decompilation or disassembly of this software strictly prohibited. **
 ************************************************************************
 
  
 *** OptiStruct defaults set from:
   install config file: C:\Program Files\Altair\2017\/hwsolvers/optistruct.cfg.
  
  
 NOTE # 9199
 MSGLMT=STRICT is active, all messages will be printed.
 You can suppress some less important warning messages by use of
  MSGLMT=BRIEF or UNREF (in config file or in the input data).
  
 
 *** See next message about line 17273 from file:
     L:/formula/disk_proverka/disk.fem
  "CTRIA3      1602       0    3204    3215    3196"
  
 This line was interpreted as:
 17273:CTRIA3, 1602, 0, 3204, 3215, 3196
  
 *** ERROR # 1000 *** in the input data:
 Incorrect data in field # 3.
  Expected INT > 0 or blank, found  INTEGER (0).
  
 
 *** See next message about line 17274 from file:
     L:/formula/disk_proverka/disk.fem
  "CTRIA3     15606       0    4579   16964     250"
  
 This line was interpreted as:
 17274:CTRIA3, 15606, 0, 4579, 16964, 250
  
 *** ERROR # 1000 *** in the input data:
 Incorrect data in field # 3.
  Expected INT > 0 or blank, found  INTEGER (0).
  
 
 *** See next message about line 17275 from file:
     L:/formula/disk_proverka/disk.fem
  "CTRIA3     15631       0   16988   16975   16976"
  
 This line was interpreted as:
 17275:CTRIA3, 15631, 0, 16988, 16975, 16976
  
 *** ERROR # 1000 *** in the input data:
 Incorrect data in field # 3.
  Expected INT > 0 or blank, found  INTEGER (0).
  
 
 *** See next message about line 17276 from file:
     L:/formula/disk_proverka/disk.fem
  "CTRIA3     15653       0   17015   17016   17014"
  
 This line was interpreted as:
 17276:CTRIA3, 15653, 0, 17015, 17016, 17014
  
 *** ERROR # 1000 *** in the input data:
 Incorrect data in field # 3.
  Expected INT > 0 or blank, found  INTEGER (0).
  
 
 *** See next message about line 17277 from file:
     L:/formula/disk_proverka/disk.fem
  "CTRIA3     15697       0    2438   17055     616"
  
 This line was interpreted as:
 17277:CTRIA3, 15697, 0, 2438, 17055, 616
  
 *** ERROR # 1000 *** in the input data:
 Incorrect data in field # 3.
  Expected INT > 0 or blank, found  INTEGER (0).
  
 
 *** See next message about line 17284 from file:
     L:/formula/disk_proverka/disk.fem
  "CQUAD4         1       0     578     579    2025     577"
  
 This line was interpreted as:
 17284:CQUAD4, 1, 0, 578, 579, 2025, 577
  
 *** ERROR # 1000 *** in the input data:
 Incorrect data in field # 3.
  Expected INT > 0 or blank, found  INTEGER (0).
  
 
 *** See next message about line 17285 from file:
     L:/formula/disk_proverka/disk.fem
  "CQUAD4         2       0     580    2027    2025     579"
  
 This line was interpreted as:
 17285:CQUAD4, 2, 0, 580, 2027, 2025, 579
  
 *** ERROR # 1000 *** in the input data:
 Incorrect data in field # 3.
  Expected INT > 0 or blank, found  INTEGER (0).
  
 
 *** See next message about line 17286 from file:
     L:/formula/disk_proverka/disk.fem
  "CQUAD4         3       0     525     526     527    2026"
  
 This line was interpreted as:
 17286:CQUAD4, 3, 0, 525, 526, 527, 2026
  
 *** ERROR # 1000 *** in the input data:
 Incorrect data in field # 3.
  Expected INT > 0 or blank, found  INTEGER (0).
  
 
 *** See next message about line 17287 from file:
     L:/formula/disk_proverka/disk.fem
  "CQUAD4         4       0     581    2028    2027     580"
  
 This line was interpreted as:
 17287:CQUAD4, 4, 0, 581, 2028, 2027, 580
  
 *** ERROR # 1000 *** in the input data:
 Incorrect data in field # 3.
  Expected INT > 0 or blank, found  INTEGER (0).
  
 
 *** See next message about line 17288 from file:
     L:/formula/disk_proverka/disk.fem
  "CQUAD4         5       0     576     577    2025    2027"
  
 This line was interpreted as:
 17288:CQUAD4, 5, 0, 576, 577, 2025, 2027
  
 *** ERROR # 1000 *** in the input data:
 Incorrect data in field # 3.
  Expected INT > 0 or blank, found  INTEGER (0).
  
 *** More of ERROR messages # 1000 were suppressed...
  
  
 
 *** See next message about line 27278 from file:
     L:/formula/disk_proverka/disk.fem
  "CQUAD4     10145       0   11748   11791   11790   11747"
  
 ****************
 Too many error messages. Aborting run.
 Current limit is 10000. Use "MSGLMT" control card to change this value.
  
  
************************************************************************
 Following warning messages appeared too many times
 and were suppressed:
    1000
 Total of 9989 repeat error message(s) were suppressed.
 To see more messages use "MSGLMT" control card in the data or config file.
  
************************************************************************
