 ************************************************************************
 **                                                                    **
 **                                                                    **
 **                         OptiStruct 2017.1                          **
 **                                                                    **
 **             Advanced Engineering Analysis, Design and              **
 **        Optimization Software from Altair Engineering, Inc.         **
 **                                                                    **
 **                                                                    **
 **              Windows 10  (Build 9200)  WORKSTATION-PC              **
 **         32 CPU:  Intel(R) Xeon(R) CPU E5-2630 v3 @ 2.40GHz         **
 **                    21972 MB RAM,  34714 MB swap                    **
 **                                                                    **
 ** Build tag: 0862567_9433171_Ce64RBW8UH14M:128708-1  4000000014000   **
 ************************************************************************
 **  COPYRIGHT (C) 1996-2017                 Altair Engineering, Inc.  **
 ** All Rights Reserved.  Copyright notice does not imply publication. **
 **         Contains trade secrets of Altair Engineering, Inc.         **
 ** Decompilation or disassembly of this software strictly prohibited. **
 ************************************************************************
 
  
 *** OptiStruct defaults set from:
   install config file: C:\Program Files\Altair\2017\/hwsolvers/optistruct.cfg.
  
  
 NOTE # 9199
 MSGLMT=STRICT is active, all messages will be printed.
 You can suppress some less important warning messages by use of
  MSGLMT=BRIEF or UNREF (in config file or in the input data).
  
  
 

************************************************************************

OPTIMIZATION FILE AND PARAMETER INFORMATION :
---------------------------------------------

  FEM model file               : L:/formula/disk_proverka/disk.fem
  Output files prefix          : L:/formula/disk_proverka/disk
  Model read from files:
     L:/formula/disk_proverka/disk.fem

************************************************************************

 

************************************************************************

FINITE ELEMENT MODEL DATA INFORMATION :
---------------------------------------

  Total # of Grids (Structural)        :     19217
  Total # of Elements                  :     18814
  Total # of Rigid Elements            :         8
  Total # of Rigid Element Constraints :       384
  Total # of Local Coordinate Systems  :         1
  Total # of Degrees of Freedom        :    115290
  (Structural)
  Total # of Non-zero Stiffness Terms  :   3020271

 
  Element Type Information
  ------------------------

   CQUAD4   Elements   :    18814     

  Load and Boundary Information
  -----------------------------

   FORCE Sets        :         4
   SPC   Sets        :         1

  Material and Property Information
  ---------------------------------

   PSHELL Cards      :         1
   MAT1   Cards      :         1

************************************************************************

 

************************************************************************

OPTIMIZATION PROBLEM PARAMETERS :
---------------------------------

 NO DESIGN MATERIAL OR DESIGN VARIABLES FOUND  : ANALYSIS ONLY

   ------------------------
   Static Subcase Summary :
   ------------------------

   ----------   --------  --------
   Subcase ID    SPC ID   FORCE ID
   ----------   --------  --------
        1            2            3
        2            2            4
        3            2            5
        4            2            6
   ----------   --------  --------

   Run Type                        :   Analysis Only
   Run at location                 : L:/formula/disk_proverka/
   Scratch file directory          : L:/formula/disk_proverka/
                                     Free space:   1381 MB
   Number of CPU processors        :          1


************************************************************************

 

************************************************************************

MEMORY ESTIMATION INFORMATION :
-------------------------------

 Solver Type is:  Sparse-Matrix Solver
                  Direct Method
 
 Current Memory (RAM)                                    :     800 MB
 Estimated Minimum Memory (RAM) for Out of Core Solution :      84 MB
 Recommended Memory (RAM) for Out of Core Solution       :      94 MB
 Recommended Memory (RAM) for In-Core Solution           :     271 MB
 
DISK SPACE ESTIMATION INFORMATION :
-----------------------------------

 Estimated Disk Space for Output Data Files              :      34 MB
 Estimated Scratch Disk Space for In-Core Solution       :      73 MB
 Estimated Scratch Disk Space for Out of Core Solution   :     318 MB

************************************************************************


BEGINNING ANALYSIS SOLUTION ....


************************************************************************

ANALYSIS RESULTS :
------------------

  
ITERATION   0
  
 Element # 38719, element type QUAD4.
 WARNING - Outside of recommended range: Vertex Angle =    172.52    
           upper limit =    165.00    
  
 Element # 39019, element type QUAD4.
 WARNING - Outside of recommended range: Vertex Angle =    165.71    
           upper limit =    165.00    
  
 Element # 43173, element type QUAD4.
 WARNING - Outside of recommended range: Vertex Angle =    172.52    
           upper limit =    165.00    

 NOTE : other similar error/warning messages were suppressed,
        use PARAM,CHECKEL,FULL to obtain full report


 Element Quality Check Summary
 -----------------------------
 Total # of elements that exceeded recommended range (warning) =    10
 Note: Only element with the highest violation of each check is listed below.

 Recommended range violations:
 ------------------------------------------------------------------------------
 Element     Property          # of     Recommended Range    Max.  Viol.  Elem.
                               Viol.     Lower     Upper    Value  type    No.
 ------- ------------------- -------- --------- --------- --------- --- -------
 QUAD4   Vertex Angle              10     15.00    165.00    172.84  U    56535
 
  
 (Scratch disk space usage for starting iteration = 53 MB)
(Running in-core solution)

Volume                              = 8.55406E+004   Mass     = 6.71493E-004

 Subcase   Compliance     Epsilon
       1  1.979176E+02  1.430294E-13
       2  1.687879E+02 -5.667910E-13
       3  1.509383E+02 -7.746671E-13
       4  1.652783E+02 -1.099874E-12

Note : Epsilon = Residual Strain Energy Ratio.


************************************************************************
  
 ANALYSIS COMPLETED.
  

************************************************************************

RESOURCE USAGE INFORMATION
--------------------------

 MAXIMUM MEMORY USED                                       800 MB
 MAXIMUM DISK SPACE USED                                    97 MB

************************************************************************


************************************************************************

COMPUTE TIME INFORMATION
------------------------

 EXECUTION STARTED                         Tue Oct 30 13:48:38 2018    
 EXECUTION COMPLETED                       Tue Oct 30 13:49:23 2018    
 ELAPSED TIME                                         00:00:45
 CPU TIME                                             00:00:06

************************************************************************

  
                        ***** END OF REPORT *****
  
 For Useful OptiStruct Tips and Tricks, go to the URL:
 http://www.altairhyperworks.com/tips.aspx
