 ************************************************************************
 **                                                                    **
 **                                                                    **
 **                         OptiStruct 2017.1                          **
 **                                                                    **
 **             Advanced Engineering Analysis, Design and              **
 **        Optimization Software from Altair Engineering, Inc.         **
 **                                                                    **
 **                                                                    **
 **              Windows 10  (Build 9200)  WORKSTATION-PC              **
 **         32 CPU:  Intel(R) Xeon(R) CPU E5-2630 v3 @ 2.40GHz         **
 **                    22109 MB RAM,  34714 MB swap                    **
 **                                                                    **
 ** Build tag: 0862567_9433171_Ce64RBW8UH14M:128708-1  4000000014000   **
 ************************************************************************
 **  COPYRIGHT (C) 1996-2017                 Altair Engineering, Inc.  **
 ** All Rights Reserved.  Copyright notice does not imply publication. **
 **         Contains trade secrets of Altair Engineering, Inc.         **
 ** Decompilation or disassembly of this software strictly prohibited. **
 ************************************************************************
 
  
 *** OptiStruct defaults set from:
   install config file: C:\Program Files\Altair\2017\/hwsolvers/optistruct.cfg.
  
  
 NOTE # 9199
 MSGLMT=STRICT is active, all messages will be printed.
 You can suppress some less important warning messages by use of
  MSGLMT=BRIEF or UNREF (in config file or in the input data).
  
  
  
 *** ERROR # 2110 ***
 The dependent d.o.f. is constrained by grid or spc data.
 RBE2 element id =      15706
         grid id =       1122
       component =          1.
  
 *** ERROR # 2110 ***
 The dependent d.o.f. is constrained by grid or spc data.
 RBE2 element id =      15707
         grid id =       1012
       component =          2.
  
 *** ERROR # 2110 ***
 The dependent d.o.f. is constrained by grid or spc data.
 RBE2 element id =      15708
         grid id =        903
       component =          2.
  
 *** ERROR # 2110 ***
 The dependent d.o.f. is constrained by grid or spc data.
 RBE2 element id =      15709
         grid id =        793
       component =          2.
 Number of bad RBE3 elements =        1
 

************************************************************************

OPTIMIZATION FILE AND PARAMETER INFORMATION :
---------------------------------------------

  FEM model file               : L:/formula/disk_proverka/disk.fem
  Output files prefix          : L:/formula/disk_proverka/disk
  Model read from files:
     L:/formula/disk_proverka/disk.fem

************************************************************************

 

************************************************************************

FINITE ELEMENT MODEL DATA INFORMATION :
---------------------------------------

  Total # of Grids (Structural)        :     16786
  Total # of Elements                  :     15385
  Total # of Rigid Elements            :         8
  Total # of Rigid Element Constraints :       360
  Total # of Local Coordinate Systems  :         1
  Total # of Degrees of Freedom        :    100704
  (Structural)
  Total # of Non-zero Stiffness Terms  :   2618616

 
  Element Type Information
  ------------------------

   CQUAD4   Elements   :    15380     
   CTRIA3   Elements   :        5     

  Load and Boundary Information
  -----------------------------

   FORCE Sets        :         4
   SPC   Sets        :         1

  Material and Property Information
  ---------------------------------

   PSHELL Cards      :         1
   MAT1   Cards      :         1

************************************************************************

 

************************************************************************

 ***** ERROR ENCOUNTERED BEFORE COMPLETING THE CHECK RUN *****
 Current Memory (RAM)                                    :     800 MB
 Estimated Minimum Memory (RAM) for the check run        :      34 MB

************************************************************************

  
 This error occurs in module "prpdrv".

************************************************************************

RESOURCE USAGE INFORMATION
--------------------------

 MAXIMUM MEMORY USED                                       800 MB
 MAXIMUM DISK SPACE USED                                     1 MB

************************************************************************


************************************************************************

COMPUTE TIME INFORMATION
------------------------

 EXECUTION STARTED                         Tue Oct 30 12:35:13 2018    
 EXECUTION COMPLETED                       Tue Oct 30 12:35:14 2018    
 ELAPSED TIME                                         00:00:01
 CPU TIME                                             00:00:00

************************************************************************

  
 
 *** PROGRAM STOPPED: FATAL ERROR(s) ENCOUNTERED.
 
                        ***** END OF REPORT *****
  
 For Useful OptiStruct Tips and Tricks, go to the URL:
 http://www.altairhyperworks.com/tips.aspx
  
************************************************************************
  
 There were 4 error messages during input processing.
  The first message is repeated below:
  
  *** ERROR # 2110 ***
  The dependent d.o.f. is constrained by grid or spc data.
  RBE2 element id =      15706
          grid id =       1122
        component =          1.
  
  
************************************************************************
